<?xml version="1.0" encoding="UTF-8"?>
<!-- Generated by org.testng.reporters.JUnitReportReporter -->
<testsuite hostname="LAPTOP-HRQP0RUN" failures="0" tests="1" name="pom.test.inicioSesionTest" time="8.019" errors="0" timestamp="2022-06-28T17:23:21 CLT" skipped="0">
  <testcase classname="pom.test.inicioSesionTest" name="test2" time="8.019"/>
</testsuite> <!-- pom.test.inicioSesionTest -->
